#
# There is insufficient memory for the Java Runtime Environment to continue.
# Native memory allocation (malloc) failed to allocate 162992 bytes for Chunk::new
# Possible reasons:
#   The system is out of physical RAM or swap space
#   The process is running with CompressedOops enabled, and the Java Heap may be blocking the growth of the native heap
# Possible solutions:
#   Reduce memory load on the system
#   Increase physical memory or swap space
#   Check if swap backing store is full
#   Decrease Java heap size (-Xmx/-Xms)
#   Decrease number of Java threads
#   Decrease Java thread stack sizes (-Xss)
#   Set larger code cache with -XX:ReservedCodeCacheSize=
#   JVM is running with Unscaled Compressed Oops mode in which the Java heap is
#     placed in the first 4GB address space. The Java Heap base address is the
#     maximum limit for the native heap growth. Please use -XX:HeapBaseMinAddress
#     to set the Java Heap base and to place the Java Heap above 4GB virtual address.
# This output file may be truncated or incomplete.
#
#  Out of Memory Error (arena.cpp:189), pid=16972, tid=16392
#
# JRE version: OpenJDK Runtime Environment Temurin-17.0.1+12 (17.0.1+12) (build 17.0.1+12)
# Java VM: OpenJDK 64-Bit Server VM Temurin-17.0.1+12 (17.0.1+12, mixed mode, tiered, compressed oops, compressed class ptrs, g1 gc, windows-amd64)
# No core dump will be written. Minidumps are not enabled by default on client versions of Windows
#

---------------  S U M M A R Y ------------

Command Line: -XX:+ShowCodeDetailsInExceptionMessages -agentlib:jdwp=transport=dt_socket,suspend=y,address=localhost:56666 -javaagent:D:\Program Files\eclipse\configuration\org.eclipse.osgi\221\0\.cp\lib\javaagent-shaded.jar -Dfile.encoding=Cp1252 main.Main

Host: ## __CPU__, 2 cores, 3G, Call to GetFileVersionInfoSize failed
Time: Tue Mar  8 01:16:36 2022 elapsed time: 0.245170 seconds (0d 0h 0m 0s)

---------------  T H R E A D  ---------------

Current thread (0x000000001a1e74e0):  JavaThread "C2 CompilerThread0" daemon [_thread_in_native, id=16392, stack(0x000000005b6d0000,0x000000005b7d0000)]


Current CompileTask:
C2:    245  152       4       java.util.HashMap::putVal (300 bytes)

Stack: [0x000000005b6d0000,0x000000005b7d0000]
Native frames: (J=compiled Java code, j=interpreted, Vv=VM code, C=native code)
V  0x000007fecaf344da