#
# There is insufficient memory for the Java Runtime Environment to continue.
# Native memory allocation (mmap) failed to map 65536 bytes for Failed to commit metaspace.
# Possible reasons:
#   The system is out of physical RAM or swap space
#   The process is running with CompressedOops enabled, and the Java Heap may be blocking the growth of the native heap
# Possible solutions:
#   Reduce memory load on the system
#   Increase physical memory or swap space
#   Check if swap backing store is full
#   Decrease Java heap size (-Xmx/-Xms)
#   Decrease number of Java threads
#   Decrease Java thread stack sizes (-Xss)
#   Set larger code cache with -XX:ReservedCodeCacheSize=
#   JVM is running with Unscaled Compressed Oops mode in which the Java heap is
#     placed in the first 4GB address space. The Java Heap base address is the
#     maximum limit for the native heap growth. Please use -XX:HeapBaseMinAddress
#     to set the Java Heap base and to place the Java Heap above 4GB virtual address.
# This output file may be truncated or incomplete.
#
#  Out of Memory Error (virtualSpaceNode.cpp:110), pid=19264, tid=6792
#
# JRE version: OpenJDK Runtime Environment Temurin-17.0.1+12 (17.0.1+12) (build 17.0.1+12)
# Java VM: OpenJDK 64-Bit Server VM Temurin-17.0.1+12 (17.0.1+12, mixed mode, tiered, compressed oops, compressed class ptrs, g1 gc, windows-amd64)
# No core dump will be written. Minidumps are not enabled by default on client versions of Windows
#

---------------  S U M M A R Y ------------

Command Line: -XX:+ShowCodeDetailsInExceptionMessages -agentlib:jdwp=transport=dt_socket,suspend=y,address=localhost:56680 -javaagent:D:\Program Files\eclipse\configuration\org.eclipse.osgi\221\0\.cp\lib\javaagent-shaded.jar -Dfile.encoding=Cp1252 main.Main

Host: Pentium(R) Dual-Core  CPU      E6600  @ 3.06GHz, 2 cores, 3G,  Windows 7 , 64 bit Build 7601 (6.1.7601.24545)
Time: Tue Mar  8 01:17:36 2022 China Standard Time elapsed time: 1.779585 seconds (0d 0h 0m 1s)

---------------  T H R E A D  ---------------

Current thread (0x000000005d4c5b30):  JavaThread "AWT-EventQueue-0" [_thread_in_vm, id=6792, stack(0x000000005faa0000,0x000000005fba0000)]

Stack: [0x000000005faa0000,0x000000005fba0000]
Native frames: (J=compiled Java code, j=interpreted, Vv=VM code, C=native code)
V  [jvm.dll+0x6744da]
V  [jvm.dll+0x82e144]
V  [jvm.dll+0x82f8ee]
V  [jvm.dll+0x82ff53]
V  [jvm.dll+0x245175]
V  [jvm.dll+0x82a0eb]
V  [jvm.dll+0x619566]
V  [jvm.dll+0x6195ca]
V  [jvm.dll+0x61bdea]
V  [jvm.dll+0x619f06]
V  [jvm.dll+0x2396df]
V  [jvm.dll+0x623b45]
V  [jvm.dll+0x1e9e4b]
V  [jvm.dll+0x1ea385]
V  [jvm.dll+0x1eadbf]
V  [jvm.dll+0x1e0261]
V  [jvm.dll+0x53b150]
V  [jvm.dll+0x1f0a57]
V  [jvm.dll+0x7a87ab]
V  [jvm.dll+0x7a9b52]
V  [jvm.dll+0x7a9e88]
V  [jvm.dll+0x23d45e]
V  [jvm.dll+0x37e5ae]
C  0x0000000005d06f1d

Java frames: (J=compiled Java code, j=interpreted, Vv=VM code)
j  sun.nio.ch.FileChannelImpl.<init>(Ljava/io/FileDescriptor;Ljava/lang/String;ZZZLjava/lang/Object;)V+61 java.base@17.0.1
j  sun.nio.ch.FileChannelImpl.open(Ljava/io/FileDescriptor;Ljava/lang/String;ZZZLjava/lang/Object;)Ljava/nio/channels/FileChannel;+12 java.base@17.0.1
j  java.io.RandomAccessFile.getChannel()Ljava/nio/channels/FileChannel;+38 java.base@17.0.1
j  sun.font.TrueTypeFont.open(Z)Ljava/nio/channels/FileChannel;+48 java.desktop@17.0.1
j  sun.font.TrueTypeFont.verify(Z)V+2 java.desktop@17.0.1
j  sun.font.TrueTypeFont.<init>(Ljava/lang/String;Ljava/lang/Object;IZZ)V+51 java.desktop@17.0.1
j  sun.font.TrueTypeFont.<init>(Ljava/lang/String;Ljava/lang/Object;IZ)V+7 java.desktop@17.0.1
j  sun.font.SunFontManager.registerFontFile(Ljava/lang/String;[Ljava/lang/String;IZI)Lsun/font/PhysicalFont;+76 java.desktop@17.0.1
j  sun.font.SunFontManager.findFontFromPlatformMap(Ljava/lang/String;I)Lsun/font/Font2D;+442 java.desktop@17.0.1
j  sun.font.SunFontManager.findFont2D(Ljava/lang/String;II)Lsun/font/Font2D;+366 java.desktop@17.0.1
j  java.awt.Font.getFont2D()Lsun/font/Font2D;+22 java.desktop@17.0.1
j  java.awt.Font$FontAccessImpl.getFont2D(Ljava/awt/Font;)Lsun/font/Font2D;+1 java.desktop@17.0.1
j  sun.font.FontUtilities.getFont2D(Ljava/awt/Font;)Lsun/font/Font2D;+4 java.desktop@17.0.1
j  sun.font.FontDesignMetrics.initMatrixAndMetrics()V+4 java.desktop@17.0.1
j  sun.font.FontDesignMetrics.<init>(Ljava/awt/Font;Ljava/awt/font/FontRenderContext;)V+62 java.desktop@17.0.1
j  sun.font.FontDesignMetrics.getMetrics(Ljava/awt/Font;Ljava/awt/font/FontRenderContext;)Lsun/font/FontDesignMetrics;+128 java.desktop@17.0.1
j  sun.swing.SwingUtilities2.getFontMetrics(Ljavax/swing/JComponent;Ljava/awt/Font;)Ljava/awt/FontMetrics;+15 java.desktop@17.0.1
j  javax.swing.JComponent.getFontMetrics(Ljava/awt/Font;)Ljava/awt/FontMetrics;+2 java.desktop@17.0.1
j  sun.swing.SwingUtilities2.getFontMetrics(Ljavax/swing/JComponent;Ljava/awt/Graphics;Ljava/awt/Font;)Ljava/awt/FontMetrics;+6 java.desktop@17.0.1
j  sun.swing.SwingUtilities2.getFontMetrics(Ljavax/swing/JComponent;Ljava/awt/Graphics;)Ljava/awt/FontMetrics;+6 java.desktop@17.0.1
j  javax.swing.plaf.basic.BasicButtonUI.paint(Ljava/awt/Graphics;Ljavax/swing/JComponent;)V+15 java.desktop@17.0.1
j  javax.swing.plaf.metal.MetalButtonUI.update(Ljava/awt/Graphics;Ljavax/swing/JComponent;)V+86 java.desktop@17.0.1
j  javax.swing.JComponent.paintComponent(Ljava/awt/Graphics;)V+26 java.desktop@17.0.1
j  javax.swing.JComponent.paint(Ljava/awt/Graphics;)V+286 java.desktop@17.0.1
j  javax.swing.JComponent.paintChildren(Ljava/awt/Graphics;)V+523 java.desktop@17.0.1
j  javax.swing.JComponent.paint(Ljava/awt/Graphics;)V+318 java.desktop@17.0.1
j  javax.swing.JComponent.paintChildren(Ljava/awt/Graphics;)V+523 java.desktop@17.0.1
j  javax.swing.JComponent.paint(Ljava/awt/Graphics;)V+318 java.desktop@17.0.1
j  javax.swing.JComponent.paintChildren(Ljava/awt/Graphics;)V+523 java.desktop@17.0.1
j  javax.swing.JComponent.paint(Ljava/awt/Graphics;)V+318 java.desktop@17.0.1
j  javax.swing.JLayeredPane.paint(Ljava/awt/Graphics;)V+73 java.desktop@17.0.1
j  javax.swing.JComponent.paintChildren(Ljava/awt/Graphics;)V+523 java.desktop@17.0.1
j  javax.swing.JComponent.paintToOffscreen(Ljava/awt/Graphics;IIIIII)V+72 java.desktop@17.0.1
j  javax.swing.RepaintManager$PaintManager.paintDoubleBufferedImpl(Ljavax/swing/JComponent;Ljava/awt/Image;Ljava/awt/Graphics;IIII)V+163 java.desktop@17.0.1
j  javax.swing.RepaintManager$PaintManager.paintDoubleBuffered(Ljavax/swing/JComponent;Ljava/awt/Image;Ljava/awt/Graphics;IIII)V+46 java.desktop@17.0.1
j  javax.swing.RepaintManager$PaintManager.paint(Ljavax/swing/JComponent;Ljavax/swing/JComponent;Ljava/awt/Graphics;IIII)Z+128 java.desktop@17.0.1
j  javax.swing.RepaintManager.paint(Ljavax/swing/JComponent;Ljavax/swing/JComponent;Ljava/awt/Graphics;IIII)V+52 java.desktop@17.0.1
j  javax.swing.JComponent.paint(Ljava/awt/Graphics;)V+221 java.desktop@17.0.1
j  java.awt.GraphicsCallback$PaintCallback.run(Ljava/awt/Component;Ljava/awt/Graphics;)V+2 java.desktop@17.0.1
j  sun.awt.SunGraphicsCallback.runOneComponent(Ljava/awt/Component;Ljava/awt/Rectangle;Ljava/awt/Graphics;Ljava/awt/Shape;I)V+130 java.desktop@17.0.1
j  sun.awt.SunGraphicsCallback.runComponents([Ljava/awt/Component;Ljava/awt/Graphics;I)V+157 java.desktop@17.0.1
j  java.awt.Container.paint(Ljava/awt/Graphics;)V+58 java.desktop@17.0.1
j  java.awt.Window.paint(Ljava/awt/Graphics;)V+68 java.desktop@17.0.1
j  javax.swing.RepaintManager$4.run()Ljava/lang/Void;+142 java.desktop@17.0.1
j  javax.swing.RepaintManager$4.run()Ljava/lang/Object;+1 java.desktop@17.0.1
j  java.security.AccessController.executePrivileged(Ljava/security/PrivilegedAction;Ljava/security/AccessControlContext;Ljava/lang/Class;)Ljava/lang/Object;+29 java.base@17.0.1
j  java.security.AccessController.doPrivileged(Ljava/security/PrivilegedAction;Ljava/security/AccessControlContext;)Ljava/lang/Object;+13 java.base@17.0.1
j  java.security.ProtectionDomain$JavaSecurityAccessImpl.doIntersectionPrivilege(Ljava/security/PrivilegedAction;Ljava/security/AccessControlContext;Ljava/security/AccessControlContext;)Ljava/lang/Object;+18 java.base@17.0.1
j  javax.swing.RepaintManager.paintDirtyRegions(Ljava/util/Map;)V+154 java.desktop@17.0.1
j  javax.swing.RepaintManager.paintDirtyRegions()V+46 java.desktop@17.0.1
j  javax.swing.RepaintManager.prePaintDirtyRegions()V+73 java.desktop@17.0.1
j  javax.swing.RepaintManager$ProcessingRunnable.run()V+37 java.desktop@17.0.1
j  java.awt.event.InvocationEvent.dispatch()V+47 java.desktop@17.0.1
j  java.awt.EventQueue.dispatchEventImpl(Ljava/awt/AWTEvent;Ljava/lang/Object;)V+21 java.desktop@17.0.1
j  java.awt.EventQueue$4.run()Ljava/lang/Void;+32 java.desktop@17.0.1
j  java.awt.EventQueue$4.run()Ljava/lang/Object;+1 java.desktop@17.0.1
j  java.security.AccessController.executePrivileged(Ljava/security/PrivilegedAction;Ljava/security/AccessControlContext;Ljava/lang/Class;)Ljava/lang/Object;+29 java.base@17.0.1
j  java.security.AccessController.doPrivileged(Ljava/security/PrivilegedAction;Ljava/security/AccessControlContext;)Ljava/lang/Object;+13 java.base@17.0.1
j  java.security.ProtectionDomain$JavaSecurityAccessImpl.doIntersectionPrivilege(Ljava/security/PrivilegedAction;Ljava/security/AccessControlContext;Ljava/security/AccessControlContext;)Ljava/lang/Object;+18 java.base@17.0.1
j  java.awt.EventQueue.dispatchEvent(Ljava/awt/AWTEvent;)V+46 java.desktop@17.0.1
j  java.awt.EventDispatchThread.pumpOneEventForFilters(I)V+78 java.desktop@17.0.1
j  java.awt.EventDispatchThread.pumpEventsForFilter(ILjava/awt/Conditional;Ljava/awt/EventFilter;)V+35 java.desktop@17.0.1
j  java.awt.EventDispatchThread.pumpEventsForHierarchy(ILjava/awt/Conditional;Ljava/awt/Component;)V+11 java.desktop@17.0.1
j  java.awt.EventDispatchThread.pumpEvents(ILjava/awt/Conditional;)V+4 java.desktop@17.0.1
j  java.awt.EventDispatchThread.pumpEvents(Ljava/awt/Conditional;)V+3 java.desktop@17.0.1
j  java.awt.EventDispatchThread.run()V+9 java.desktop@17.0.1
v  ~StubRoutines::call_stub

---------------  P R O C E S S  ---------------

Threads class SMR info:
_java_thread_list=0x000000005d4ea530, length=20, elements={
0x0000000019ee59c0, 0x000000001a0ff6c0, 0x0000000019eee3a0, 0x0000000019eeec60,
0x0000000019eef520, 0x000000001a1160e0, 0x000000001a1170d0, 0x000000001a157cf0,
0x000000001a142e90, 0x000000001a25f790, 0x000000005bb39ed0, 0x000000005bb3f7e0,
0x000000005bb3fcd0, 0x000000005bd2c3b0, 0x000000005d1944a0, 0x000000005bb47840,
0x000000005bb48030, 0x000000005d4c5b30, 0x0000000000390a60, 0x000000005d4acb80
}

Java Threads: ( => current thread )
  0x0000000019ee59c0 JavaThread "Reference Handler" daemon [_thread_blocked, id=17536, stack(0x000000005ade0000,0x000000005aee0000)]
  0x000000001a0ff6c0 JavaThread "Finalizer" daemon [_thread_blocked, id=16092, stack(0x000000005afd0000,0x000000005b0d0000)]
  0x0000000019eee3a0 JavaThread "Signal Dispatcher" daemon [_thread_blocked, id=14960, stack(0x000000001a2f0000,0x000000001a3f0000)]
  0x0000000019eeec60 JavaThread "Attach Listener" daemon [_thread_blocked, id=8356, stack(0x000000005b160000,0x000000005b260000)]
  0x0000000019eef520 JavaThread "Service Thread" daemon [_thread_blocked, id=6836, stack(0x000000005b370000,0x000000005b470000)]
  0x000000001a1160e0 JavaThread "Monitor Deflation Thread" daemon [_thread_blocked, id=6376, stack(0x000000005b550000,0x000000005b650000)]
  0x000000001a1170d0 JavaThread "C2 CompilerThread0" daemon [_thread_blocked, id=18476, stack(0x000000005b690000,0x000000005b790000)]
  0x000000001a157cf0 JavaThread "C1 CompilerThread0" daemon [_thread_blocked, id=8512, stack(0x000000005b7c0000,0x000000005b8c0000)]
  0x000000001a142e90 JavaThread "Sweeper thread" daemon [_thread_blocked, id=14864, stack(0x000000005b8c0000,0x000000005b9c0000)]
  0x000000001a25f790 JavaThread "Common-Cleaner" daemon [_thread_blocked, id=16864, stack(0x000000005be60000,0x000000005bf60000)]
  0x000000005bb39ed0 JavaThread "JDWP Transport Listener: dt_socket" daemon [_thread_blocked, id=3624, stack(0x000000005c2b0000,0x000000005c3b0000)]
  0x000000005bb3f7e0 JavaThread "JDWP Event Helper Thread" daemon [_thread_blocked, id=15704, stack(0x000000005c4b0000,0x000000005c5b0000)]
  0x000000005bb3fcd0 JavaThread "JDWP Command Reader" daemon [_thread_in_native, id=18076, stack(0x000000005c630000,0x000000005c730000)]
  0x000000005bd2c3b0 JavaThread "Notification Thread" daemon [_thread_blocked, id=18644, stack(0x000000005d940000,0x000000005da40000)]
  0x000000005d1944a0 JavaThread "Java2D Disposer" daemon [_thread_blocked, id=18388, stack(0x000000005dc60000,0x000000005dd60000)]
  0x000000005bb47840 JavaThread "AWT-Shutdown" [_thread_blocked, id=18472, stack(0x000000005dee0000,0x000000005dfe0000)]
  0x000000005bb48030 JavaThread "AWT-Windows" daemon [_thread_in_native, id=14072, stack(0x000000005e0a0000,0x000000005e1a0000)]
=>0x000000005d4c5b30 JavaThread "AWT-EventQueue-0" [_thread_in_vm, id=6792, stack(0x000000005faa0000,0x000000005fba0000)]
  0x0000000000390a60 JavaThread "DestroyJavaVM" [_thread_blocked, id=7880, stack(0x0000000002100000,0x0000000002200000)]
  0x000000005d4acb80 JavaThread "D3D Screen Updater" daemon [_thread_blocked, id=12768, stack(0x0000000060960000,0x0000000060a60000)]

Other Threads:
  0x0000000019edd190 VMThread "VM Thread" [stack: 0x000000005ac80000,0x000000005ad80000] [id=19112]
  0x000000005bd03bb0 WatcherThread [stack: 0x000000005da60000,0x000000005db60000] [id=18128]
  0x00000000003c6910 GCTaskThread "GC Thread#0" [stack: 0x0000000017780000,0x0000000017880000] [id=15388]
  0x000000005d24d590 GCTaskThread "GC Thread#1" [stack: 0x000000005d840000,0x000000005d940000] [id=19020]
  0x00000000003cf520 ConcurrentGCThread "G1 Main Marker" [stack: 0x00000000178c0000,0x00000000179c0000] [id=13332]
  0x00000000003d2b40 ConcurrentGCThread "G1 Conc#0" [stack: 0x0000000017b00000,0x0000000017c00000] [id=15944]
  0x0000000000410f40 ConcurrentGCThread "G1 Refine#0" [stack: 0x0000000019cf0000,0x0000000019df0000] [id=17684]
  0x0000000000412570 ConcurrentGCThread "G1 Service" [stack: 0x0000000019f60000,0x000000001a060000] [id=18956]

Threads with active compile tasks:

VM state: not at safepoint (normal execution)

VM Mutex/Monitor currently owned by a thread:  ([mutex/lock_event])
[0x000000000038b500] Metaspace_lock - owner thread: 0x000000005d4c5b30

OutOfMemory and StackOverflow Exception counts:
StackOverflowErrors=1
LinkageErrors=7

Heap address: 0x00000000c0000000, size: 1024 MB, Compressed Oops mode: 32-bit

CDS archive(s) not mapped
Compressed class space mapped at: 0x000000001a400000-0x000000005a400000, reserved size: 1073741824
Narrow klass base: 0x0000000000000000, Narrow klass shift: 0, Narrow klass range: 0x5a400000

GC Precious Log:
 CPUs: 2 total, 2 available
 Memory: 4095M
 Large Page Support: Disabled
 NUMA Support: Disabled
 Compressed Oops: Enabled (32-bit)
 Heap Region Size: 1M
 Heap Min Capacity: 8M
 Heap Initial Capacity: 64M
 Heap Max Capacity: 1G
 Pre-touch: Disabled
 Parallel Workers: 2
 Concurrent Workers: 1
 Concurrent Refinement Workers: 2
 Periodic GC: Disabled

Heap:
 garbage-first heap   total 65536K, used 2360K [0x00000000c0000000, 0x0000000100000000)
  region size 1024K, 2 young (2048K), 1 survivors (1024K)
 Metaspace       used 15530K, committed 15680K, reserved 1064960K
  class space    used 1535K, committed 1600K, reserved 1048576K

Heap Regions: E=young(eden), S=young(survivor), O=old, HS=humongous(starts), HC=humongous(continues), CS=collection set, F=free, OA=open archive, CA=closed archive, TAMS=top-at-mark-start (previous, next)
|   0|0x00000000c0000000, 0x00000000c0100000, 0x00000000c0100000|100%| O|  |TAMS 0x00000000c0000000, 0x00000000c0000000| Untracked 
|   1|0x00000000c0100000, 0x00000000c017ec00, 0x00000000c0200000| 49%| O|  |TAMS 0x00000000c0100000, 0x00000000c0100000| Untracked 
|   2|0x00000000c0200000, 0x00000000c0200000, 0x00000000c0300000|  0%| F|  |TAMS 0x00000000c0200000, 0x00000000c0200000| Untracked 
|   3|0x00000000c0300000, 0x00000000c0300000, 0x00000000c0400000|  0%| F|  |TAMS 0x00000000c0300000, 0x00000000c0300000| Untracked 
|   4|0x00000000c0400000, 0x00000000c0400000, 0x00000000c0500000|  0%| F|  |TAMS 0x00000000c0400000, 0x00000000c0400000| Untracked 
|   5|0x00000000c0500000, 0x00000000c0500000, 0x00000000c0600000|  0%| F|  |TAMS 0x00000000c0500000, 0x00000000c0500000| Untracked 
|   6|0x00000000c0600000, 0x00000000c0600000, 0x00000000c0700000|  0%| F|  |TAMS 0x00000000c0600000, 0x00000000c0600000| Untracked 
|   7|0x00000000c0700000, 0x00000000c0700000, 0x00000000c0800000|  0%| F|  |TAMS 0x00000000c0700000, 0x00000000c0700000| Untracked 
|   8|0x00000000c0800000, 0x00000000c0800000, 0x00000000c0900000|  0%| F|  |TAMS 0x00000000c0800000, 0x00000000c0800000| Untracked 
|   9|0x00000000c0900000, 0x00000000c0900000, 0x00000000c0a00000|  0%| F|  |TAMS 0x00000000c0900000, 0x00000000c0900000| Untracked 
|  10|0x00000000c0a00000, 0x00000000c0a00000, 0x00000000c0b00000|  0%| F|  |TAMS 0x00000000c0a00000, 0x00000000c0a00000| Untracked 
|  11|0x00000000c0b00000, 0x00000000c0b00000, 0x00000000c0c00000|  0%| F|  |TAMS 0x00000000c0b00000, 0x00000000c0b00000| Untracked 
|  12|0x00000000c0c00000, 0x00000000c0c00000, 0x00000000c0d00000|  0%| F|  |TAMS 0x00000000c0c00000, 0x00000000c0c00000| Untracked 
|  13|0x00000000c0d00000, 0x00000000c0d00000, 0x00000000c0e00000|  0%| F|  |TAMS 0x00000000c0d00000, 0x00000000c0d00000| Untracked 
|  14|0x00000000c0e00000, 0x00000000c0e00000, 0x00000000c0f00000|  0%| F|  |TAMS 0x00000000c0e00000, 0x00000000c0e00000| Untracked 
|  15|0x00000000c0f00000, 0x00000000c0f00000, 0x00000000c1000000|  0%| F|  |TAMS 0x00000000c0f00000, 0x00000000c0f00000| Untracked 
|  16|0x00000000c1000000, 0x00000000c1000000, 0x00000000c1100000|  0%| F|  |TAMS 0x00000000c1000000, 0x00000000c1000000| Untracked 
|  17|0x00000000c1100000, 0x00000000c1100000, 0x00000000c1200000|  0%| F|  |TAMS 0x00000000c1100000, 0x00000000c1100000| Untracked 
|  18|0x00000000c1200000, 0x00000000c1200000, 0x00000000c1300000|  0%| F|  |TAMS 0x00000000c1200000, 0x00000000c1200000| Untracked 
|  19|0x00000000c1300000, 0x00000000c1300000, 0x00000000c1400000|  0%| F|  |TAMS 0x00000000c1300000, 0x00000000c1300000| Untracked 
|  20|0x00000000c1400000, 0x00000000c1400000, 0x00000000c1500000|  0%| F|  |TAMS 0x00000000c1400000, 0x00000000c1400000| Untracked 
|  21|0x00000000c1500000, 0x00000000c1500000, 0x00000000c1600000|  0%| F|  |TAMS 0x00000000c1500000, 0x00000000c1500000| Untracked 
|  22|0x00000000c1600000, 0x00000000c1600000, 0x00000000c1700000|  0%| F|  |TAMS 0x00000000c1600000, 0x00000000c1600000| Untracked 
|  23|0x00000000c1700000, 0x00000000c1700000, 0x00000000c1800000|  0%| F|  |TAMS 0x00000000c1700000, 0x00000000c1700000| Untracked 
|  24|0x00000000c1800000, 0x00000000c1800000, 0x00000000c1900000|  0%| F|  |TAMS 0x00000000c1800000, 0x00000000c1800000| Untracked 
|  25|0x00000000c1900000, 0x00000000c1900000, 0x00000000c1a00000|  0%| F|  |TAMS 0x00000000c1900000, 0x00000000c1900000| Untracked 
|  26|0x00000000c1a00000, 0x00000000c1a00000, 0x00000000c1b00000|  0%| F|  |TAMS 0x00000000c1a00000, 0x00000000c1a00000| Untracked 
|  27|0x00000000c1b00000, 0x00000000c1b00000, 0x00000000c1c00000|  0%| F|  |TAMS 0x00000000c1b00000, 0x00000000c1b00000| Untracked 
|  28|0x00000000c1c00000, 0x00000000c1c00000, 0x00000000c1d00000|  0%| F|  |TAMS 0x00000000c1c00000, 0x00000000c1c00000| Untracked 
|  29|0x00000000c1d00000, 0x00000000c1d00000, 0x00000000c1e00000|  0%| F|  |TAMS 0x00000000c1d00000, 0x00000000c1d00000| Untracked 
|  30|0x00000000c1e00000, 0x00000000c1e00000, 0x00000000c1f00000|  0%| F|  |TAMS 0x00000000c1e00000, 0x00000000c1e00000| Untracked 
|  31|0x00000000c1f00000, 0x00000000c1f00000, 0x00000000c2000000|  0%| F|  |TAMS 0x00000000c1f00000, 0x00000000c1f00000| Untracked 
|  32|0x00000000c2000000, 0x00000000c2000000, 0x00000000c2100000|  0%| F|  |TAMS 0x00000000c2000000, 0x00000000c2000000| Untracked 
|  33|0x00000000c2100000, 0x00000000c2100000, 0x00000000c2200000|  0%| F|  |TAMS 0x00000000c2100000, 0x00000000c2100000| Untracked 
|  34|0x00000000c2200000, 0x00000000c2200000, 0x00000000c2300000|  0%| F|  |TAMS 0x00000000c2200000, 0x00000000c2200000| Untracked 
|  35|0x00000000c2300000, 0x00000000c2300000, 0x00000000c2400000|  0%| F|  |TAMS 0x00000000c2300000, 0x00000000c2300000| Untracked 
|  36|0x00000000c2400000, 0x00000000c2400000, 0x00000000c2500000|  0%| F|  |TAMS 0x00000000c2400000, 0x00000000c2400000| Untracked 
|  37|0x00000000c2500000, 0x00000000c2500000, 0x00000000c2600000|  0%| F|  |TAMS 0x00000000c2500000, 0x00000000c2500000| Untracked 
|  38|0x00000000c2600000, 0x00000000c2600000, 0x00000000c2700000|  0%| F|  |TAMS 0x00000000c2600000, 0x00000000c2600000| Untracked 
|  39|0x00000000c2700000, 0x00000000c2700000, 0x00000000c2800000|  0%| F|  |TAMS 0x00000000c2700000, 0x00000000c2700000| Untracked 
|  40|0x00000000c2800000, 0x00000000c2800000, 0x00000000c2900000|  0%| F|  |TAMS 0x00000000c2800000, 0x00000000c2800000| Untracked 
|  41|0x00000000c2900000, 0x00000000c2900000, 0x00000000c2a00000|  0%| F|  |TAMS 0x00000000c2900000, 0x00000000c2900000| Untracked 
|  42|0x00000000c2a00000, 0x00000000c2a00000, 0x00000000c2b00000|  0%| F|  |TAMS 0x00000000c2a00000, 0x00000000c2a00000| Untracked 
|  43|0x00000000c2b00000, 0x00000000c2b00000, 0x00000000c2c00000|  0%| F|  |TAMS 0x00000000c2b00000, 0x00000000c2b00000| Untracked 
|  44|0x00000000c2c00000, 0x00000000c2c00000, 0x00000000c2d00000|  0%| F|  |TAMS 0x00000000c2c00000, 0x00000000c2c00000| Untracked 
|  45|0x00000000c2d00000, 0x00000000c2d00000, 0x00000000c2e00000|  0%| F|  |TAMS 0x00000000c2d00000, 0x00000000c2d00000| Untracked 
|  46|0x00000000c2e00000, 0x00000000c2e00000, 0x00000000c2f00000|  0%| F|  |TAMS 0x00000000c2e00000, 0x00000000c2e00000| Untracked 
|  47|0x00000000c2f00000, 0x00000000c2f00000, 0x00000000c3000000|  0%| F|  |TAMS 0x00000000c2f00000, 0x00000000c2f00000| Untracked 
|  48|0x00000000c3000000, 0x00000000c3000000, 0x00000000c3100000|  0%| F|  |TAMS 0x00000000c3000000, 0x00000000c3000000| Untracked 
|  49|0x00000000c3100000, 0x00000000c3100000, 0x00000000c3200000|  0%| F|  |TAMS 0x00000000c3100000, 0x00000000c3100000| Untracked 
|  50|0x00000000c3200000, 0x00000000c3200000, 0x00000000c3300000|  0%| F|  |TAMS 0x00000000c3200000, 0x00000000c3200000| Untracked 
|  51|0x00000000c3300000, 0x00000000c3300000, 0x00000000c3400000|  0%| F|  |TAMS 0x00000000c3300000, 0x00000000c3300000| Untracked 
|  52|0x00000000c3400000, 0x00000000c3400000, 0x00000000c3500000|  0%| F|  |TAMS 0x00000000c3400000, 0x00000000c3400000| Untracked 
|  53|0x00000000c3500000, 0x00000000c3500000, 0x00000000c3600000|  0%| F|  |TAMS 0x00000000c3500000, 0x00000000c3500000| Untracked 
|  54|0x00000000c3600000, 0x00000000c3600000, 0x00000000c3700000|  0%| F|  |TAMS 0x00000000c3600000, 0x00000000c3600000| Untracked 
|  55|0x00000000c3700000, 0x00000000c3700000, 0x00000000c3800000|  0%| F|  |TAMS 0x00000000c3700000, 0x00000000c3700000| Untracked 
|  56|0x00000000c3800000, 0x00000000c3800000, 0x00000000c3900000|  0%| F|  |TAMS 0x00000000c3800000, 0x00000000c3800000| Untracked 
|  57|0x00000000c3900000, 0x00000000c3900000, 0x00000000c3a00000|  0%| F|  |TAMS 0x00000000c3900000, 0x00000000c3900000| Untracked 
|  58|0x00000000c3a00000, 0x00000000c3acf480, 0x00000000c3b00000| 80%| S|CS|TAMS 0x00000000c3a00000, 0x00000000c3a00000| Complete 
|  59|0x00000000c3b00000, 0x00000000c3b00000, 0x00000000c3c00000|  0%| F|  |TAMS 0x00000000c3b00000, 0x00000000c3b00000| Untracked 
|  60|0x00000000c3c00000, 0x00000000c3c00000, 0x00000000c3d00000|  0%| F|  |TAMS 0x00000000c3c00000, 0x00000000c3c00000| Untracked 
|  61|0x00000000c3d00000, 0x00000000c3d00000, 0x00000000c3e00000|  0%| F|  |TAMS 0x00000000c3d00000, 0x00000000c3d00000| Untracked 
|  62|0x00000000c3e00000, 0x00000000c3e00000, 0x00000000c3f00000|  0%| F|  |TAMS 0x00000000c3e00000, 0x00000000c3e00000| Untracked 
|  63|0x00000000c3f00000, 0x00000000c3fe1908, 0x00000000c4000000| 88%| E|  |TAMS 0x00000000c3f00000, 0x00000000c3f00000| Complete 

Card table byte_map: [0x00000000151f0000,0x00000000153f0000] _byte_map_base: 0x0000000014bf0000

Marking Bits (Prev, Next): (CMBitMap*) 0x00000000003c6e30, (CMBitMap*) 0x00000000003c6e70
 Prev Bits: [0x00000000155f0000, 0x00000000165f0000)
 Next Bits: [0x00000000165f0000, 0x00000000175f0000)

Polling page: 0x0000000000220000

Metaspace:

Usage:
  Non-class:     13.67 MB used.
      Class:      1.50 MB used.
       Both:     15.17 MB used.

Virtual space:
  Non-class space:       16.00 MB reserved,      13.75 MB ( 86%) committed,  2 nodes.
      Class space:        1.00 GB reserved,       1.56 MB ( <1%) committed,  1 nodes.
             Both:        1.02 GB reserved,      15.31 MB (  1%) committed. 

Chunk freelists:
   Non-Class:  2.23 MB
       Class:  2.25 MB
        Both:  4.48 MB

MaxMetaspaceSize: unlimited
CompressedClassSpaceSize: 1.00 GB
Initial GC threshold: 21.00 MB
Current GC threshold: 21.00 MB
CDS: off
MetaspaceReclaimPolicy: balanced
 - commit_granule_bytes: 65536.
 - commit_granule_words: 8192.
 - virtual_space_node_default_size: 1048576.
 - enlarge_chunks_in_place: 1.
 - new_chunks_are_fully_committed: 0.
 - uncommit_free_chunks: 1.
 - use_allocation_guard: 0.
 - handle_deallocations: 1.


Internal statistics:

num_allocs_failed_limit: 0.
num_arena_births: 110.
num_arena_deaths: 0.
num_vsnodes_births: 3.
num_vsnodes_deaths: 0.
num_space_committed: 245.
num_space_uncommitted: 0.
num_chunks_returned_to_freelist: 0.
num_chunks_taken_from_freelist: 181.
num_chunk_merges: 0.
num_chunk_splits: 100.
num_chunks_enlarged: 55.
num_purges: 0.
num_inconsistent_stats: 0.

CodeHeap 'non-profiled nmethods': size=120064Kb used=256Kb max_used=256Kb free=119807Kb
 bounds [0x000000000d7a0000, 0x000000000da10000, 0x0000000014ce0000]
CodeHeap 'profiled nmethods': size=120000Kb used=1346Kb max_used=1346Kb free=118653Kb
 bounds [0x0000000006270000, 0x00000000064e0000, 0x000000000d7a0000]
CodeHeap 'non-nmethods': size=5696Kb used=1311Kb max_used=1323Kb free=4384Kb
 bounds [0x0000000005ce0000, 0x0000000005f50000, 0x0000000006270000]
 total_blobs=1417 nmethods=851 adapters=480
 compilation: enabled
              stopped_count=0, restarted_count=0
 full_count=0

Compilation events (20 events):
Event: 1.650 Thread 0x000000001a157cf0  841       3       jdk.internal.loader.NativeLibraries$NativeLibraryImpl::find (6 bytes)
Event: 1.651 Thread 0x000000001a157cf0 nmethod 841 0x00000000063bd310 code [0x00000000063bd4a0, 0x00000000063bd5e8]
Event: 1.658 Thread 0x000000001a157cf0  843       3       jdk.internal.org.objectweb.asm.MethodWriter::<init> (232 bytes)
Event: 1.659 Thread 0x000000001a157cf0 nmethod 843 0x00000000063bd690 code [0x00000000063bd920, 0x00000000063be678]
Event: 1.762 Thread 0x000000001a157cf0  844       1       java.util.concurrent.locks.AbstractOwnableSynchronizer::setExclusiveOwnerThread (6 bytes)
Event: 1.763 Thread 0x000000001a157cf0 nmethod 844 0x000000000d7df610 code [0x000000000d7df7a0, 0x000000000d7df8b8]
Event: 1.763 Thread 0x000000001a157cf0  845       3       java.awt.Component::getFont_NoClientCode (29 bytes)
Event: 1.763 Thread 0x000000001a157cf0 nmethod 845 0x00000000063beb90 code [0x00000000063bed60, 0x00000000063bf088]
Event: 1.767 Thread 0x000000001a157cf0  846       1       sun.java2d.loops.GraphicsPrimitive::getUniqueID (5 bytes)
Event: 1.767 Thread 0x000000001a157cf0 nmethod 846 0x000000000d7df910 code [0x000000000d7dfaa0, 0x000000000d7dfb78]
Event: 1.767 Thread 0x000000001a157cf0  847       3       sun.java2d.loops.GraphicsPrimitiveMgr$1::compare (13 bytes)
Event: 1.768 Thread 0x000000001a157cf0 nmethod 847 0x00000000063bf190 code [0x00000000063bf360, 0x00000000063bf7b8]
Event: 1.768 Thread 0x000000001a157cf0  848       3       sun.java2d.loops.GraphicsPrimitiveMgr$1::compare (33 bytes)
Event: 1.768 Thread 0x000000001a157cf0 nmethod 848 0x00000000063bf910 code [0x00000000063bfac0, 0x00000000063bfcf8]
Event: 1.768 Thread 0x000000001a1170d0  849       4       sun.java2d.loops.GraphicsPrimitiveMgr$1::compare (13 bytes)
Event: 1.770 Thread 0x000000001a157cf0  850       3       java.security.AccessController::executePrivileged (65 bytes)
Event: 1.770 Thread 0x000000001a1170d0 nmethod 849 0x000000000d7dfc10 code [0x000000000d7dfda0, 0x000000000d7dfef8]
Event: 1.770 Thread 0x000000001a157cf0 nmethod 850 0x00000000063bfe10 code [0x00000000063bffe0, 0x00000000063c02f8]
Event: 1.771 Thread 0x000000001a157cf0  851       3       sun.java2d.loops.GraphicsPrimitiveMgr$2::compare (39 bytes)
Event: 1.771 Thread 0x000000001a157cf0 nmethod 851 0x00000000063c0490 code [0x00000000063c0660, 0x00000000063c0a58]

GC Heap History (4 events):
Event: 1.075 GC heap before
{Heap before GC invocations=0 (full 0):
 garbage-first heap   total 65536K, used 5120K [0x00000000c0000000, 0x0000000100000000)
  region size 1024K, 6 young (6144K), 0 survivors (0K)
 Metaspace       used 10732K, committed 10880K, reserved 1064960K
  class space    used 953K, committed 1024K, reserved 1048576K
}
Event: 1.080 GC heap after
{Heap after GC invocations=1 (full 0):
 garbage-first heap   total 65536K, used 1495K [0x00000000c0000000, 0x0000000100000000)
  region size 1024K, 1 young (1024K), 1 survivors (1024K)
 Metaspace       used 10732K, committed 10880K, reserved 1064960K
  class space    used 953K, committed 1024K, reserved 1048576K
}
Event: 1.616 GC heap before
{Heap before GC invocations=1 (full 0):
 garbage-first heap   total 65536K, used 6615K [0x00000000c0000000, 0x0000000100000000)
  region size 1024K, 6 young (6144K), 1 survivors (1024K)
 Metaspace       used 14968K, committed 15168K, reserved 1064960K
  class space    used 1464K, committed 1536K, reserved 1048576K
}
Event: 1.622 GC heap after
{Heap after GC invocations=2 (full 0):
 garbage-first heap   total 65536K, used 2360K [0x00000000c0000000, 0x0000000100000000)
  region size 1024K, 1 young (1024K), 1 survivors (1024K)
 Metaspace       used 14968K, committed 15168K, reserved 1064960K
  class space    used 1464K, committed 1536K, reserved 1048576K
}

Deoptimization events (20 events):
Event: 0.934 Thread 0x0000000000390a60 DEOPT PACKING pc=0x00000000062ea62c sp=0x00000000021f7980
Event: 0.934 Thread 0x0000000000390a60 DEOPT UNPACKING pc=0x0000000005d32b24 sp=0x00000000021f6de8 mode 0
Event: 0.934 Thread 0x0000000000390a60 DEOPT PACKING pc=0x00000000062ea62c sp=0x00000000021f7980
Event: 0.934 Thread 0x0000000000390a60 DEOPT UNPACKING pc=0x0000000005d32b24 sp=0x00000000021f6de8 mode 0
Event: 0.934 Thread 0x0000000000390a60 DEOPT PACKING pc=0x00000000062ea554 sp=0x00000000021f7980
Event: 0.934 Thread 0x0000000000390a60 DEOPT UNPACKING pc=0x0000000005d32b24 sp=0x00000000021f6de8 mode 0
Event: 0.936 Thread 0x0000000000390a60 DEOPT PACKING pc=0x00000000062ea554 sp=0x00000000021f7980
Event: 0.936 Thread 0x0000000000390a60 DEOPT UNPACKING pc=0x0000000005d32b24 sp=0x00000000021f6de8 mode 0
Event: 1.036 Thread 0x0000000000390a60 DEOPT PACKING pc=0x00000000062a12ea sp=0x00000000021fbaa0
Event: 1.036 Thread 0x0000000000390a60 DEOPT UNPACKING pc=0x0000000005d32b24 sp=0x00000000021faec0 mode 0
Event: 1.582 Thread 0x0000000000390a60 Uncommon trap: trap_request=0xffffff45 fr.pc=0x000000000d7ad6d0 relative=0x0000000000000050
Event: 1.582 Thread 0x0000000000390a60 Uncommon trap: reason=unstable_if action=reinterpret pc=0x000000000d7ad6d0 method=java.lang.String.isLatin1()Z @ 10 c2
Event: 1.582 Thread 0x0000000000390a60 DEOPT PACKING pc=0x000000000d7ad6d0 sp=0x00000000021fcf00
Event: 1.582 Thread 0x0000000000390a60 DEOPT UNPACKING pc=0x0000000005d3239d sp=0x00000000021fcea0 mode 2
Event: 1.615 Thread 0x0000000000390a60 Uncommon trap: trap_request=0xffffff45 fr.pc=0x000000000d7b8bc8 relative=0x0000000000000188
Event: 1.615 Thread 0x0000000000390a60 Uncommon trap: reason=unstable_if action=reinterpret pc=0x000000000d7b8bc8 method=java.lang.invoke.VarHandle.checkExactAccessMode(Ljava/lang/invoke/VarHandle$AccessDescriptor;)V @ 4 c2
Event: 1.615 Thread 0x0000000000390a60 DEOPT PACKING pc=0x000000000d7b8bc8 sp=0x00000000021fee00
Event: 1.615 Thread 0x0000000000390a60 DEOPT UNPACKING pc=0x0000000005d3239d sp=0x00000000021fed40 mode 2
Event: 1.776 Thread 0x000000005d4c5b30 DEOPT PACKING pc=0x000000000634104c sp=0x000000005fb97f60
Event: 1.776 Thread 0x000000005d4c5b30 DEOPT UNPACKING pc=0x0000000005d32b24 sp=0x000000005fb97410 mode 1

Classes unloaded (0 events):
No events

Classes redefined (0 events):
No events

Internal exceptions (14 events):
Event: 0.994 Thread 0x0000000000390a60 Exception <a 'java/lang/ClassNotFoundException'{0x00000000c3a26510}: sun/awt/resources/spi/awtProvider> (0x00000000c3a26510) 
thrown [e:\jenkins\tmp\workspace\build\src\src\hotspot\share\classfile\systemDictionary.cpp, line 256]
Event: 1.028 Thread 0x0000000000390a60 Exception <a 'java/io/FileNotFoundException'{0x00000000c3a82ca8}> (0x00000000c3a82ca8) 
thrown [e:\jenkins\tmp\workspace\build\src\src\hotspot\share\prims\jni.cpp, line 516]
Event: 1.057 Thread 0x0000000000390a60 Exception <a 'java/io/FileNotFoundException'{0x00000000c3ab1f90}> (0x00000000c3ab1f90) 
thrown [e:\jenkins\tmp\workspace\build\src\src\hotspot\share\prims\jni.cpp, line 516]
Event: 1.135 Thread 0x0000000000390a60 Exception <a 'java/lang/NoSuchMethodError'{0x00000000c3fea2e8}: 'java.lang.Object java.lang.invoke.DirectMethodHandle$Holder.invokeStaticInit(java.lang.Object)'> (0x00000000c3fea2e8) 
thrown [e:\jenkins\tmp\workspace\build\src\src\hotspot\share\interpreter\linkResolver.cpp, line 766]
Event: 1.330 Thread 0x0000000000390a60 Exception <a 'java/lang/NoSuchMethodError'{0x00000000c3ea1550}: 'void java.lang.invoke.DirectMethodHandle$Holder.invokeSpecial(java.lang.Object, java.lang.Object, java.lang.Object)'> (0x00000000c3ea1550) 
thrown [e:\jenkins\tmp\workspace\build\src\src\hotspot\share\interpreter\linkResolver.cpp, line 766]
Event: 1.346 Thread 0x0000000000390a60 Exception <a 'java/lang/NoSuchMethodError'{0x00000000c3d01090}: 'java.lang.Object java.lang.invoke.DirectMethodHandle$Holder.newInvokeSpecial(java.lang.Object, java.lang.Object, java.lang.Object, java.lang.Object, java.lang.Object)'> (0x00000000c3d01090) 
thrown [e:\jenkins\tmp\workspace\build\src\src\hotspot\share\interpreter\linkResolver.cpp, line 766]
Event: 1.349 Thread 0x0000000000390a60 Exception <a 'java/lang/NoSuchMethodError'{0x00000000c3d0ca58}: 'java.lang.Object java.lang.invoke.DirectMethodHandle$Holder.invokeStatic(java.lang.Object, int, java.lang.Object, java.lang.Object, java.lang.Object, java.lang.Object)'> (0x00000000c3d0ca58) 
thrown [e:\jenkins\tmp\workspace\build\src\src\hotspot\share\interpreter\linkResolver.cpp, line 766]
Event: 1.361 Thread 0x0000000000390a60 Exception <a 'java/lang/NoSuchMethodError'{0x00000000c3d32cf8}: 'java.lang.Object java.lang.invoke.DirectMethodHandle$Holder.invokeStatic(java.lang.Object, int, java.lang.Object)'> (0x00000000c3d32cf8) 
thrown [e:\jenkins\tmp\workspace\build\src\src\hotspot\share\interpreter\linkResolver.cpp, line 766]
Event: 1.417 Thread 0x0000000000390a60 Exception <a 'java/lang/ClassNotFoundException'{0x00000000c3dfb100}: com/sun/swing/internal/plaf/metal/resources/spi/metalProvider> (0x00000000c3dfb100) 
thrown [e:\jenkins\tmp\workspace\build\src\src\hotspot\share\classfile\systemDictionary.cpp, line 256]
Event: 1.418 Thread 0x0000000000390a60 Exception <a 'java/lang/ClassNotFoundException'{0x00000000c3dff6f0}: com/sun/swing/internal/plaf/basic/resources/spi/basicProvider> (0x00000000c3dff6f0) 
thrown [e:\jenkins\tmp\workspace\build\src\src\hotspot\share\classfile\systemDictionary.cpp, line 256]
Event: 1.503 Thread 0x0000000000390a60 Exception <a 'java/lang/NoSuchMethodError'{0x00000000c3b4e3b0}: 'void java.lang.invoke.DirectMethodHandle$Holder.invokeStaticInit(java.lang.Object)'> (0x00000000c3b4e3b0) 
thrown [e:\jenkins\tmp\workspace\build\src\src\hotspot\share\interpreter\linkResolver.cpp, line 766]
Event: 1.641 Thread 0x000000005bb48030 Exception <a 'java/lang/NoSuchMethodError'{0x00000000c3f63520}: 'void java.lang.invoke.DirectMethodHandle$Holder.invokeVirtual(java.lang.Object, java.lang.Object)'> (0x00000000c3f63520) 
thrown [e:\jenkins\tmp\workspace\build\src\src\hotspot\share\interpreter\linkResolver.cpp, line 766]
Event: 1.775 Thread 0x000000005d4c5b30 StackOverflowError at 0x0000000006341760
Event: 1.776 Thread 0x000000005d4c5b30 Exception <a 'java/lang/StackOverflowError'{0x00000000c3fd1fe0}> (0x00000000c3fd1fe0) 
thrown [e:\jenkins\tmp\workspace\build\src\src\hotspot\share\runtime\sharedRuntime.cpp, line 628]

VM Operations (16 events):
Event: 0.250 Executing VM operation: HandshakeAllThreads
Event: 0.267 Executing VM operation: HandshakeAllThreads done
Event: 0.480 Executing VM operation: ChangeBreakpoints
Event: 0.526 Executing VM operation: ChangeBreakpoints done
Event: 0.554 Executing VM operation: ChangeBreakpoints
Event: 0.554 Executing VM operation: ChangeBreakpoints done
Event: 1.075 Executing VM operation: G1CollectForAllocation
Event: 1.080 Executing VM operation: G1CollectForAllocation done
Event: 1.445 Executing VM operation: HandshakeAllThreads
Event: 1.445 Executing VM operation: HandshakeAllThreads done
Event: 1.594 Executing VM operation: HandshakeAllThreads
Event: 1.594 Executing VM operation: HandshakeAllThreads done
Event: 1.616 Executing VM operation: G1CollectForAllocation
Event: 1.626 Executing VM operation: G1CollectForAllocation done
Event: 1.647 Executing VM operation: HandshakeAllThreads
Event: 1.647 Executing VM operation: HandshakeAllThreads done

Events (20 events):
Event: 1.776 loading class java/nio/channels/WritableByteChannel done
Event: 1.776 loading class java/nio/channels/ByteChannel done
Event: 1.776 loading class java/nio/channels/SeekableByteChannel done
Event: 1.776 loading class java/nio/channels/GatheringByteChannel
Event: 1.776 loading class java/nio/channels/GatheringByteChannel done
Event: 1.776 loading class java/nio/channels/ScatteringByteChannel
Event: 1.776 loading class java/nio/channels/ScatteringByteChannel done
Event: 1.776 loading class java/nio/channels/spi/AbstractInterruptibleChannel
Event: 1.776 loading class java/nio/channels/InterruptibleChannel
Event: 1.776 loading class java/nio/channels/InterruptibleChannel done
Event: 1.776 loading class java/nio/channels/spi/AbstractInterruptibleChannel done
Event: 1.776 loading class java/nio/channels/FileChannel done
Event: 1.776 loading class sun/nio/ch/FileChannelImpl done
Event: 1.776 loading class java/nio/file/attribute/FileAttribute
Event: 1.777 loading class java/nio/file/attribute/FileAttribute done
Event: 1.777 loading class sun/nio/ch/IOUtil
Event: 1.777 loading class sun/nio/ch/IOUtil done
Event: 1.778 loading class sun/nio/ch/NativeThreadSet
Event: 1.778 loading class sun/nio/ch/NativeThreadSet done
Event: 1.778 loading class sun/nio/ch/FileDispatcherImpl


Dynamic libraries:
0x000000013fc50000 - 0x000000013fc5e000 	D:\Program Files\eclipse\plugins\org.eclipse.justj.openjdk.hotspot.jre.full.win32.x86_64_17.0.1.v20211116-1657\jre\bin\javaw.exe
0x00000000776f0000 - 0x000000007788f000 	C:\Windows\SYSTEM32\ntdll.dll
0x00000000774d0000 - 0x00000000775ef000 	C:\Windows\system32\kernel32.dll
0x000007fefd490000 - 0x000007fefd4f7000 	C:\Windows\system32\KERNELBASE.dll
0x000007fef1e90000 - 0x000007fef1ea8000 	D:\Program Files\eclipse\plugins\org.eclipse.justj.openjdk.hotspot.jre.full.win32.x86_64_17.0.1.v20211116-1657\jre\bin\jli.dll
0x000007fefbad0000 - 0x000007fefbcc5000 	C:\Windows\WinSxS\amd64_microsoft.windows.common-controls_6595b64144ccf1df_6.0.7601.24483_none_e372d88f30fbb845\COMCTL32.dll
0x000007fefec70000 - 0x000007fefed0f000 	C:\Windows\system32\msvcrt.dll
0x000007fefe700000 - 0x000007fefe767000 	C:\Windows\system32\GDI32.dll
0x00000000775f0000 - 0x00000000776eb000 	C:\Windows\system32\USER32.dll
0x000007fefe4e0000 - 0x000007fefe4ee000 	C:\Windows\system32\LPK.dll
0x000007fefe630000 - 0x000007fefe6fb000 	C:\Windows\system32\USP10.dll
0x000007feff000000 - 0x000007feff071000 	C:\Windows\system32\SHLWAPI.dll
0x000007fefb250000 - 0x000007fefb269000 	D:\Program Files\eclipse\plugins\org.eclipse.justj.openjdk.hotspot.jre.full.win32.x86_64_17.0.1.v20211116-1657\jre\bin\VCRUNTIME140.dll
0x000007fefa450000 - 0x000007fefa454000 	D:\Program Files\eclipse\plugins\org.eclipse.justj.openjdk.hotspot.jre.full.win32.x86_64_17.0.1.v20211116-1657\jre\bin\api-ms-win-crt-runtime-l1-1-0.dll
0x000007fecd120000 - 0x000007fecd21a000 	D:\Program Files\eclipse\plugins\org.eclipse.justj.openjdk.hotspot.jre.full.win32.x86_64_17.0.1.v20211116-1657\jre\bin\ucrtbase.DLL
0x000007fefa7d0000 - 0x000007fefa7d3000 	D:\Program Files\eclipse\plugins\org.eclipse.justj.openjdk.hotspot.jre.full.win32.x86_64_17.0.1.v20211116-1657\jre\bin\api-ms-win-core-localization-l1-2-0.dll
0x000007fef9990000 - 0x000007fef9993000 	D:\Program Files\eclipse\plugins\org.eclipse.justj.openjdk.hotspot.jre.full.win32.x86_64_17.0.1.v20211116-1657\jre\bin\api-ms-win-core-processthreads-l1-1-1.dll
0x000007fef9a20000 - 0x000007fef9a23000 	D:\Program Files\eclipse\plugins\org.eclipse.justj.openjdk.hotspot.jre.full.win32.x86_64_17.0.1.v20211116-1657\jre\bin\api-ms-win-core-file-l1-2-0.dll
0x000007fef7a10000 - 0x000007fef7a13000 	D:\Program Files\eclipse\plugins\org.eclipse.justj.openjdk.hotspot.jre.full.win32.x86_64_17.0.1.v20211116-1657\jre\bin\api-ms-win-core-timezone-l1-1-0.dll
0x000007fef9780000 - 0x000007fef9783000 	D:\Program Files\eclipse\plugins\org.eclipse.justj.openjdk.hotspot.jre.full.win32.x86_64_17.0.1.v20211116-1657\jre\bin\api-ms-win-core-file-l2-1-0.dll
0x000007fef1e80000 - 0x000007fef1e83000 	D:\Program Files\eclipse\plugins\org.eclipse.justj.openjdk.hotspot.jre.full.win32.x86_64_17.0.1.v20211116-1657\jre\bin\api-ms-win-core-synch-l1-2-0.dll
0x000007fef78a0000 - 0x000007fef78a3000 	D:\Program Files\eclipse\plugins\org.eclipse.justj.openjdk.hotspot.jre.full.win32.x86_64_17.0.1.v20211116-1657\jre\bin\api-ms-win-crt-heap-l1-1-0.dll
0x000007fef1e60000 - 0x000007fef1e64000 	D:\Program Files\eclipse\plugins\org.eclipse.justj.openjdk.hotspot.jre.full.win32.x86_64_17.0.1.v20211116-1657\jre\bin\api-ms-win-crt-string-l1-1-0.dll
0x000007fef1e70000 - 0x000007fef1e74000 	D:\Program Files\eclipse\plugins\org.eclipse.justj.openjdk.hotspot.jre.full.win32.x86_64_17.0.1.v20211116-1657\jre\bin\api-ms-win-crt-stdio-l1-1-0.dll
0x000007fef1e40000 - 0x000007fef1e44000 	D:\Program Files\eclipse\plugins\org.eclipse.justj.openjdk.hotspot.jre.full.win32.x86_64_17.0.1.v20211116-1657\jre\bin\api-ms-win-crt-convert-l1-1-0.dll
0x000007fef1e50000 - 0x000007fef1e53000 	D:\Program Files\eclipse\plugins\org.eclipse.justj.openjdk.hotspot.jre.full.win32.x86_64_17.0.1.v20211116-1657\jre\bin\api-ms-win-crt-environment-l1-1-0.dll
0x000007fef1df0000 - 0x000007fef1df3000 	D:\Program Files\eclipse\plugins\org.eclipse.justj.openjdk.hotspot.jre.full.win32.x86_64_17.0.1.v20211116-1657\jre\bin\api-ms-win-crt-filesystem-l1-1-0.dll
0x000007fef1e00000 - 0x000007fef1e05000 	D:\Program Files\eclipse\plugins\org.eclipse.justj.openjdk.hotspot.jre.full.win32.x86_64_17.0.1.v20211116-1657\jre\bin\api-ms-win-crt-math-l1-1-0.dll
0x000007fef1730000 - 0x000007fef1733000 	D:\Program Files\eclipse\plugins\org.eclipse.justj.openjdk.hotspot.jre.full.win32.x86_64_17.0.1.v20211116-1657\jre\bin\api-ms-win-crt-locale-l1-1-0.dll
0x000007fefe600000 - 0x000007fefe62e000 	C:\Windows\system32\IMM32.DLL
0x000007fefe4f0000 - 0x000007fefe5fb000 	C:\Windows\system32\MSCTF.dll
0x000007fef1740000 - 0x000007fef174c000 	D:\Program Files\eclipse\plugins\org.eclipse.justj.openjdk.hotspot.jre.full.win32.x86_64_17.0.1.v20211116-1657\jre\bin\vcruntime140_1.dll
0x000007feee580000 - 0x000007feee611000 	D:\Program Files\eclipse\plugins\org.eclipse.justj.openjdk.hotspot.jre.full.win32.x86_64_17.0.1.v20211116-1657\jre\bin\msvcp140.dll
0x000007fef1640000 - 0x000007fef1643000 	D:\Program Files\eclipse\plugins\org.eclipse.justj.openjdk.hotspot.jre.full.win32.x86_64_17.0.1.v20211116-1657\jre\bin\api-ms-win-crt-time-l1-1-0.dll
0x000007fef1720000 - 0x000007fef1723000 	D:\Program Files\eclipse\plugins\org.eclipse.justj.openjdk.hotspot.jre.full.win32.x86_64_17.0.1.v20211116-1657\jre\bin\api-ms-win-crt-utility-l1-1-0.dll
0x000007feca8c0000 - 0x000007fecb506000 	D:\Program Files\eclipse\plugins\org.eclipse.justj.openjdk.hotspot.jre.full.win32.x86_64_17.0.1.v20211116-1657\jre\bin\server\jvm.dll
0x000007fefe950000 - 0x000007fefea2b000 	C:\Windows\system32\ADVAPI32.dll
0x000007fefed10000 - 0x000007fefed2f000 	C:\Windows\SYSTEM32\sechost.dll
0x000007fefe390000 - 0x000007fefe4bc000 	C:\Windows\system32\RPCRT4.dll
0x000007fedae40000 - 0x000007fedae49000 	C:\Windows\system32\WSOCK32.dll
0x000007fefea30000 - 0x000007fefea7d000 	C:\Windows\system32\WS2_32.dll
0x000007feff9d0000 - 0x000007feff9d8000 	C:\Windows\system32\NSI.dll
0x000007fefa9a0000 - 0x000007fefa9db000 	C:\Windows\system32\WINMM.dll
0x000007fefca50000 - 0x000007fefca5c000 	C:\Windows\system32\VERSION.dll
0x00000000778a0000 - 0x00000000778a7000 	C:\Windows\system32\PSAPI.DLL
0x000007fefa830000 - 0x000007fefa83a000 	D:\Program Files\eclipse\plugins\org.eclipse.justj.openjdk.hotspot.jre.full.win32.x86_64_17.0.1.v20211116-1657\jre\bin\jimage.dll
0x000007fef5c50000 - 0x000007fef5d75000 	C:\Windows\system32\DBGHELP.DLL
0x000007feee540000 - 0x000007feee57b000 	D:\Program Files\eclipse\plugins\org.eclipse.justj.openjdk.hotspot.jre.full.win32.x86_64_17.0.1.v20211116-1657\jre\bin\jdwp.dll
0x000007fef0130000 - 0x000007fef013e000 	D:\Program Files\eclipse\plugins\org.eclipse.justj.openjdk.hotspot.jre.full.win32.x86_64_17.0.1.v20211116-1657\jre\bin\instrument.dll
0x000007fef7a40000 - 0x000007fef7a65000 	D:\Program Files\eclipse\plugins\org.eclipse.justj.openjdk.hotspot.jre.full.win32.x86_64_17.0.1.v20211116-1657\jre\bin\java.dll
0x000007fefa7e0000 - 0x000007fefa7f8000 	D:\Program Files\eclipse\plugins\org.eclipse.justj.openjdk.hotspot.jre.full.win32.x86_64_17.0.1.v20211116-1657\jre\bin\zip.dll
0x000007fefd600000 - 0x000007fefe38b000 	C:\Windows\system32\SHELL32.dll
0x000007feff7d0000 - 0x000007feff9cf000 	C:\Windows\system32\ole32.dll
0x000007fefd240000 - 0x000007fefd24f000 	C:\Windows\system32\profapi.dll
0x000007fef1630000 - 0x000007fef163c000 	D:\Program Files\eclipse\plugins\org.eclipse.justj.openjdk.hotspot.jre.full.win32.x86_64_17.0.1.v20211116-1657\jre\bin\dt_socket.dll
0x000007fefaec0000 - 0x000007fefaee7000 	C:\Windows\system32\IPHLPAPI.DLL
0x000007fefaea0000 - 0x000007fefaeab000 	C:\Windows\system32\WINNSI.DLL
0x000007fefc680000 - 0x000007fefc6d5000 	C:\Windows\system32\mswsock.dll
0x000007fefca20000 - 0x000007fefca27000 	C:\Windows\System32\wshtcpip.dll
0x000007fefc670000 - 0x000007fefc677000 	C:\Windows\System32\wship6.dll
0x000007fefc500000 - 0x000007fefc55b000 	C:\Windows\system32\DNSAPI.dll
0x000007fef9060000 - 0x000007fef9068000 	C:\Windows\system32\rasadhlp.dll
0x000007fefada0000 - 0x000007fefadf3000 	C:\Windows\System32\fwpuclnt.dll
0x000007fef7a20000 - 0x000007fef7a39000 	D:\Program Files\eclipse\plugins\org.eclipse.justj.openjdk.hotspot.jre.full.win32.x86_64_17.0.1.v20211116-1657\jre\bin\net.dll
0x000007fef9dd0000 - 0x000007fef9e41000 	C:\Windows\system32\WINHTTP.dll
0x000007fef9d60000 - 0x000007fef9dc5000 	C:\Windows\system32\webio.dll
0x000007fef78f0000 - 0x000007fef7905000 	D:\Program Files\eclipse\plugins\org.eclipse.justj.openjdk.hotspot.jre.full.win32.x86_64_17.0.1.v20211116-1657\jre\bin\nio.dll
0x000007fefa840000 - 0x000007fefa850000 	D:\Program Files\eclipse\plugins\org.eclipse.justj.openjdk.hotspot.jre.full.win32.x86_64_17.0.1.v20211116-1657\jre\bin\verify.dll
0x000007feccd90000 - 0x000007feccf1e000 	D:\Program Files\eclipse\plugins\org.eclipse.justj.openjdk.hotspot.jre.full.win32.x86_64_17.0.1.v20211116-1657\jre\bin\awt.dll
0x000007feff1c0000 - 0x000007feff29b000 	C:\Windows\system32\OLEAUT32.dll
0x000007fefb470000 - 0x000007fefb488000 	C:\Windows\system32\DWMAPI.DLL
0x000007feeb000000 - 0x000007feeb11d000 	C:\Windows\system32\opengl32.dll
0x000007feeafd0000 - 0x000007feeaffd000 	C:\Windows\system32\GLU32.dll
0x000007feeaed0000 - 0x000007feeafc1000 	C:\Windows\system32\DDRAW.dll
0x000007feeaec0000 - 0x000007feeaec8000 	C:\Windows\system32\DCIMAN32.dll
0x000007fefe770000 - 0x000007fefe947000 	C:\Windows\system32\SETUPAPI.dll
0x000007fefd290000 - 0x000007fefd2c6000 	C:\Windows\system32\CFGMGR32.dll
0x000007fefd530000 - 0x000007fefd54a000 	C:\Windows\system32\DEVOBJ.dll
0x000007fefb910000 - 0x000007fefb966000 	C:\Windows\system32\uxtheme.dll
0x000007fefd0a0000 - 0x000007fefd0af000 	C:\Windows\system32\CRYPTBASE.dll
0x000007fef8d60000 - 0x000007fef8f5f000 	C:\Windows\system32\d3d9.dll
0x000007fef8d50000 - 0x000007fef8d57000 	C:\Windows\system32\d3d8thk.dll
0x000007fee8710000 - 0x000007fee98e4000 	C:\Windows\system32\nvd3dumx.dll
0x000007fefb3f0000 - 0x000007fefb41c000 	C:\Windows\system32\powrprof.dll
0x000007fef7a70000 - 0x000007fef7b5c000 	C:\Program Files (x86)\NVIDIA Corporation\3D Vision\nvSCPAPI64.dll
0x000007fecc280000 - 0x000007fecc509000 	C:\Windows\system32\nvspcap64.dll
0x000007fefbfc0000 - 0x000007fefbfed000 	C:\Windows\system32\ntmarta.dll
0x000007fefea80000 - 0x000007fefead2000 	C:\Windows\system32\WLDAP32.dll
0x000007fefd2e0000 - 0x000007fefd44d000 	C:\Windows\system32\crypt32.dll
0x000007fefd250000 - 0x000007fefd25f000 	C:\Windows\system32\MSASN1.dll
0x000007fefd450000 - 0x000007fefd48b000 	C:\Windows\system32\WINTRUST.DLL
0x000007fefe4c0000 - 0x000007fefe4d9000 	C:\Windows\system32\imagehlp.dll
0x000007fefc6e0000 - 0x000007fefc6f8000 	C:\Windows\system32\CRYPTSP.dll
0x000007fefc3e0000 - 0x000007fefc427000 	C:\Windows\system32\rsaenh.dll
0x000007fefc8d0000 - 0x000007fefc920000 	C:\Windows\system32\ncrypt.dll
0x000007fefc8a0000 - 0x000007fefc8c2000 	C:\Windows\system32\bcrypt.dll
0x000007fefc7f0000 - 0x000007fefc83c000 	C:\Windows\system32\bcryptprimitives.dll
0x000007feeaa60000 - 0x000007feeaae9000 	D:\Program Files\eclipse\plugins\org.eclipse.justj.openjdk.hotspot.jre.full.win32.x86_64_17.0.1.v20211116-1657\jre\bin\freetype.dll
0x000007feea4f0000 - 0x000007feea598000 	D:\Program Files\eclipse\plugins\org.eclipse.justj.openjdk.hotspot.jre.full.win32.x86_64_17.0.1.v20211116-1657\jre\bin\fontmanager.dll
0x000007feff080000 - 0x000007feff119000 	C:\Windows\system32\CLBCatQ.DLL

dbghelp: loaded successfully - version: 4.0.5 - missing functions: none
symbol engine: initialized successfully - sym options: 0x614 - pdb path: .;D:\Program Files\eclipse\plugins\org.eclipse.justj.openjdk.hotspot.jre.full.win32.x86_64_17.0.1.v20211116-1657\jre\bin;C:\Windows\SYSTEM32;C:\Windows\WinSxS\amd64_microsoft.windows.common-controls_6595b64144ccf1df_6.0.7601.24483_none_e372d88f30fbb845;D:\Program Files\eclipse\plugins\org.eclipse.justj.openjdk.hotspot.jre.full.win32.x86_64_17.0.1.v20211116-1657\jre\bin\server;C:\Program Files (x86)\NVIDIA Corporation\3D Vision

VM Arguments:
jvm_args: -XX:+ShowCodeDetailsInExceptionMessages -agentlib:jdwp=transport=dt_socket,suspend=y,address=localhost:56680 -javaagent:D:\Program Files\eclipse\configuration\org.eclipse.osgi\221\0\.cp\lib\javaagent-shaded.jar -Dfile.encoding=Cp1252 
java_command: main.Main
java_class_path (initial): D:\Program Files\eclipse\directory\BingoGenerator\bin
Launcher Type: SUN_STANDARD

[Global flags]
     intx CICompilerCount                          = 2                                         {product} {ergonomic}
     uint ConcGCThreads                            = 1                                         {product} {ergonomic}
     uint G1ConcRefinementThreads                  = 2                                         {product} {ergonomic}
   size_t G1HeapRegionSize                         = 1048576                                   {product} {ergonomic}
    uintx GCDrainStackTargetSize                   = 64                                        {product} {ergonomic}
   size_t InitialHeapSize                          = 67108864                                  {product} {ergonomic}
   size_t MarkStackSize                            = 4194304                                   {product} {ergonomic}
   size_t MaxHeapSize                              = 1073741824                                {product} {ergonomic}
   size_t MaxNewSize                               = 643825664                                 {product} {ergonomic}
   size_t MinHeapDeltaBytes                        = 1048576                                   {product} {ergonomic}
   size_t MinHeapSize                              = 8388608                                   {product} {ergonomic}
    uintx NonNMethodCodeHeapSize                   = 5826188                                {pd product} {ergonomic}
    uintx NonProfiledCodeHeapSize                  = 122916026                              {pd product} {ergonomic}
    uintx ProfiledCodeHeapSize                     = 122916026                              {pd product} {ergonomic}
    uintx ReservedCodeCacheSize                    = 251658240                              {pd product} {ergonomic}
     bool SegmentedCodeCache                       = true                                      {product} {ergonomic}
     bool ShowCodeDetailsInExceptionMessages       = true                                   {manageable} {command line}
   size_t SoftMaxHeapSize                          = 1073741824                             {manageable} {ergonomic}
     bool UseCompressedClassPointers               = true                           {product lp64_product} {ergonomic}
     bool UseCompressedOops                        = true                           {product lp64_product} {ergonomic}
     bool UseG1GC                                  = true                                      {product} {ergonomic}
     bool UseLargePagesIndividualAllocation        = false                                  {pd product} {ergonomic}

Logging:
Log output configuration:
 #0: stdout all=warning uptime,level,tags
 #1: stderr all=off uptime,level,tags

Environment Variables:
JAVA_HOME=C:\Program Files\Java\jdk1.8.0_202
PATH=D:\Program Files\eclipse\plugins\org.eclipse.justj.openjdk.hotspot.jre.full.win32.x86_64_17.0.1.v20211116-1657\jre\bin;D:/Program Files/eclipse//plugins/org.eclipse.justj.openjdk.hotspot.jre.full.win32.x86_64_17.0.1.v20211116-1657/jre/bin/server;D:/Program Files/eclipse//plugins/org.eclipse.justj.openjdk.hotspot.jre.full.win32.x86_64_17.0.1.v20211116-1657/jre/bin;C:\Program Files\Common Files\Oracle\Java\javapath;C:\Program Files\Java\jdk1.8.0_202\bin;D:\Program Files\eclipse;
USERNAME=pc
OS=Windows_NT
PROCESSOR_IDENTIFIER=Intel64 Family 6 Model 23 Stepping 10, GenuineIntel



---------------  S Y S T E M  ---------------

OS:
 Windows 7 , 64 bit Build 7601 (6.1.7601.24545)
OS uptime: 0 days 7:45 hours

CPU: total 2 (initial active 2) (2 cores per cpu, 1 threads per core) family 6 model 23 stepping 10 microcode 0x0, cx8, cmov, fxsr, mmx, sse, sse2, sse3, ssse3, tsc, clflush

Memory: 4k page, system-wide physical 4095M (838M free)
TotalPageFile size 10251M (AvailPageFile size 4M)
current process WorkingSet (physical memory assigned to process): 79M, peak: 79M
current process commit charge ("private bytes"): 172M, peak: 172M

vm_info: OpenJDK 64-Bit Server VM (17.0.1+12) for windows-amd64 JRE (17.0.1+12), built on Oct 20 2021 07:42:55 by "" with MS VC++ 16.7 (VS2019)

END.
